<?xml version="1.0" encoding="UTF-8"?>
<testsuite xmlns:xsi="http://www.w3.org/2001/XMLSchema-instance" xsi:noNamespaceSchemaLocation="https://maven.apache.org/surefire/maven-surefire-plugin/xsd/surefire-test-report.xsd" name="com.adjuster.honeybadger.uitest.test.cases.AddNewConnectionOrderedTest" time="112.886" tests="2" errors="0" skipped="0" failures="0">
  <properties>
    <property name="awt.toolkit" value="sun.awt.X11.XToolkit"/>
    <property name="file.encoding.pkg" value="sun.io"/>
    <property name="java.specification.version" value="1.8"/>
    <property name="sun.cpu.isalist" value=""/>
    <property name="sun.jnu.encoding" value="UTF-8"/>
    <property name="java.class.path" value="/home/ravil.zalya/Documents/seleniumjupiter/target/test-classes:/home/ravil.zalya/Documents/seleniumjupiter/target/classes:/home/ravil.zalya/.m2/repository/io/github/bonigarcia/selenium-jupiter/3.2.0/selenium-jupiter-3.2.0.jar:/home/ravil.zalya/.m2/repository/io/appium/java-client/7.0.0/java-client-7.0.0.jar:/home/ravil.zalya/.m2/repository/cglib/cglib/3.2.8/cglib-3.2.8.jar:/home/ravil.zalya/.m2/repository/org/ow2/asm/asm/6.2.1/asm-6.2.1.jar:/home/ravil.zalya/.m2/repository/org/apache/ant/ant/1.10.3/ant-1.10.3.jar:/home/ravil.zalya/.m2/repository/org/apache/ant/ant-launcher/1.10.3/ant-launcher-1.10.3.jar:/home/ravil.zalya/.m2/repository/commons-validator/commons-validator/1.6/commons-validator-1.6.jar:/home/ravil.zalya/.m2/repository/commons-beanutils/commons-beanutils/1.9.2/commons-beanutils-1.9.2.jar:/home/ravil.zalya/.m2/repository/commons-digester/commons-digester/1.8.1/commons-digester-1.8.1.jar:/home/ravil.zalya/.m2/repository/commons-logging/commons-logging/1.2/commons-logging-1.2.jar:/home/ravil.zalya/.m2/repository/commons-collections/commons-collections/3.2.2/commons-collections-3.2.2.jar:/home/ravil.zalya/.m2/repository/org/springframework/spring-context/5.0.9.RELEASE/spring-context-5.0.9.RELEASE.jar:/home/ravil.zalya/.m2/repository/org/springframework/spring-aop/5.0.9.RELEASE/spring-aop-5.0.9.RELEASE.jar:/home/ravil.zalya/.m2/repository/org/springframework/spring-beans/5.0.9.RELEASE/spring-beans-5.0.9.RELEASE.jar:/home/ravil.zalya/.m2/repository/org/springframework/spring-expression/5.0.9.RELEASE/spring-expression-5.0.9.RELEASE.jar:/home/ravil.zalya/.m2/repository/org/aspectj/aspectjweaver/1.8.13/aspectjweaver-1.8.13.jar:/home/ravil.zalya/.m2/repository/com/codeborne/phantomjsdriver/1.4.4/phantomjsdriver-1.4.4.jar:/home/ravil.zalya/.m2/repository/org/slf4j/slf4j-api/1.7.25/slf4j-api-1.7.25.jar:/home/ravil.zalya/.m2/repository/ch/qos/logback/logback-classic/1.2.3/logback-classic-1.2.3.jar:/home/ravil.zalya/.m2/repository/ch/qos/logback/logback-core/1.2.3/logback-core-1.2.3.jar:/home/ravil.zalya/.m2/repository/com/squareup/retrofit2/retrofit/2.5.0/retrofit-2.5.0.jar:/home/ravil.zalya/.m2/repository/com/squareup/retrofit2/adapter-rxjava/2.5.0/adapter-rxjava-2.5.0.jar:/home/ravil.zalya/.m2/repository/io/reactivex/rxjava/1.3.8/rxjava-1.3.8.jar:/home/ravil.zalya/.m2/repository/com/squareup/retrofit2/converter-gson/2.5.0/converter-gson-2.5.0.jar:/home/ravil.zalya/.m2/repository/io/github/bonigarcia/webdrivermanager/3.6.0/webdrivermanager-3.6.0.jar:/home/ravil.zalya/.m2/repository/commons-io/commons-io/2.6/commons-io-2.6.jar:/home/ravil.zalya/.m2/repository/com/google/code/gson/gson/2.8.5/gson-2.8.5.jar:/home/ravil.zalya/.m2/repository/org/apache/commons/commons-lang3/3.7/commons-lang3-3.7.jar:/home/ravil.zalya/.m2/repository/org/apache/httpcomponents/httpclient/4.5.6/httpclient-4.5.6.jar:/home/ravil.zalya/.m2/repository/commons-codec/commons-codec/1.11/commons-codec-1.11.jar:/home/ravil.zalya/.m2/repository/org/rauschig/jarchivelib/1.0.0/jarchivelib-1.0.0.jar:/home/ravil.zalya/.m2/repository/org/jsoup/jsoup/1.11.3/jsoup-1.11.3.jar:/home/ravil.zalya/.m2/repository/org/junit/jupiter/junit-jupiter-api/5.4.1/junit-jupiter-api-5.4.1.jar:/home/ravil.zalya/.m2/repository/org/apiguardian/apiguardian-api/1.0.0/apiguardian-api-1.0.0.jar:/home/ravil.zalya/.m2/repository/org/opentest4j/opentest4j/1.1.1/opentest4j-1.1.1.jar:/home/ravil.zalya/.m2/repository/org/junit/platform/junit-platform-commons/1.4.1/junit-platform-commons-1.4.1.jar:/home/ravil.zalya/.m2/repository/org/junit/jupiter/junit-jupiter-params/5.4.1/junit-jupiter-params-5.4.1.jar:/home/ravil.zalya/.m2/repository/org/junit/jupiter/junit-jupiter-engine/5.4.1/junit-jupiter-engine-5.4.1.jar:/home/ravil.zalya/.m2/repository/org/junit/platform/junit-platform-engine/1.4.1/junit-platform-engine-1.4.1.jar:/home/ravil.zalya/.m2/repository/org/junit/platform/junit-platform-suite-api/1.4.1/junit-platform-suite-api-1.4.1.jar:/home/ravil.zalya/.m2/repository/org/junit/platform/junit-platform-runner/1.4.1/junit-platform-runner-1.4.1.jar:/home/ravil.zalya/.m2/repository/junit/junit/4.12/junit-4.12.jar:/home/ravil.zalya/.m2/repository/org/junit/platform/junit-platform-launcher/1.4.1/junit-platform-launcher-1.4.1.jar:/home/ravil.zalya/.m2/repository/org/junit/platform/junit-platform-surefire-provider/1.2.0/junit-platform-surefire-provider-1.2.0.jar:/home/ravil.zalya/.m2/repository/org/apache/maven/surefire/surefire-api/2.21.0/surefire-api-2.21.0.jar:/home/ravil.zalya/.m2/repository/org/apache/maven/surefire/surefire-logger-api/2.21.0/surefire-logger-api-2.21.0.jar:/home/ravil.zalya/.m2/repository/org/apache/maven/surefire/common-java5/2.21.0/common-java5-2.21.0.jar:/home/ravil.zalya/.m2/repository/org/assertj/assertj-core/3.12.0/assertj-core-3.12.0.jar:/home/ravil.zalya/.m2/repository/org/seleniumhq/selenium/selenium-java/3.141.59/selenium-java-3.141.59.jar:/home/ravil.zalya/.m2/repository/org/seleniumhq/selenium/selenium-chrome-driver/3.141.59/selenium-chrome-driver-3.141.59.jar:/home/ravil.zalya/.m2/repository/org/seleniumhq/selenium/selenium-edge-driver/3.141.59/selenium-edge-driver-3.141.59.jar:/home/ravil.zalya/.m2/repository/org/seleniumhq/selenium/selenium-firefox-driver/3.141.59/selenium-firefox-driver-3.141.59.jar:/home/ravil.zalya/.m2/repository/org/seleniumhq/selenium/selenium-ie-driver/3.141.59/selenium-ie-driver-3.141.59.jar:/home/ravil.zalya/.m2/repository/org/seleniumhq/selenium/selenium-opera-driver/3.141.59/selenium-opera-driver-3.141.59.jar:/home/ravil.zalya/.m2/repository/org/seleniumhq/selenium/selenium-remote-driver/3.141.59/selenium-remote-driver-3.141.59.jar:/home/ravil.zalya/.m2/repository/org/seleniumhq/selenium/selenium-safari-driver/3.141.59/selenium-safari-driver-3.141.59.jar:/home/ravil.zalya/.m2/repository/net/bytebuddy/byte-buddy/1.7.11/byte-buddy-1.7.11.jar:/home/ravil.zalya/.m2/repository/org/apache/commons/commons-exec/1.3/commons-exec-1.3.jar:/home/ravil.zalya/.m2/repository/com/squareup/okhttp3/okhttp/3.11.0/okhttp-3.11.0.jar:/home/ravil.zalya/.m2/repository/com/squareup/okio/okio/1.14.0/okio-1.14.0.jar:/home/ravil.zalya/.m2/repository/org/seleniumhq/selenium/selenium-api/3.141.59/selenium-api-3.141.59.jar:/home/ravil.zalya/.m2/repository/org/seleniumhq/selenium/selenium-support/3.141.59/selenium-support-3.141.59.jar:/home/ravil.zalya/.m2/repository/org/springframework/boot/spring-boot-starter-test/2.0.5.RELEASE/spring-boot-starter-test-2.0.5.RELEASE.jar:/home/ravil.zalya/.m2/repository/org/springframework/boot/spring-boot-starter/2.0.5.RELEASE/spring-boot-starter-2.0.5.RELEASE.jar:/home/ravil.zalya/.m2/repository/org/springframework/boot/spring-boot/2.0.5.RELEASE/spring-boot-2.0.5.RELEASE.jar:/home/ravil.zalya/.m2/repository/org/springframework/boot/spring-boot-autoconfigure/2.0.5.RELEASE/spring-boot-autoconfigure-2.0.5.RELEASE.jar:/home/ravil.zalya/.m2/repository/org/springframework/boot/spring-boot-starter-logging/2.0.5.RELEASE/spring-boot-starter-logging-2.0.5.RELEASE.jar:/home/ravil.zalya/.m2/repository/org/apache/logging/log4j/log4j-to-slf4j/2.10.0/log4j-to-slf4j-2.10.0.jar:/home/ravil.zalya/.m2/repository/org/apache/logging/log4j/log4j-api/2.10.0/log4j-api-2.10.0.jar:/home/ravil.zalya/.m2/repository/org/slf4j/jul-to-slf4j/1.7.25/jul-to-slf4j-1.7.25.jar:/home/ravil.zalya/.m2/repository/javax/annotation/javax.annotation-api/1.3.2/javax.annotation-api-1.3.2.jar:/home/ravil.zalya/.m2/repository/org/yaml/snakeyaml/1.19/snakeyaml-1.19.jar:/home/ravil.zalya/.m2/repository/org/springframework/boot/spring-boot-test/2.0.5.RELEASE/spring-boot-test-2.0.5.RELEASE.jar:/home/ravil.zalya/.m2/repository/org/springframework/boot/spring-boot-test-autoconfigure/2.0.5.RELEASE/spring-boot-test-autoconfigure-2.0.5.RELEASE.jar:/home/ravil.zalya/.m2/repository/com/jayway/jsonpath/json-path/2.4.0/json-path-2.4.0.jar:/home/ravil.zalya/.m2/repository/net/minidev/json-smart/2.3/json-smart-2.3.jar:/home/ravil.zalya/.m2/repository/net/minidev/accessors-smart/1.2/accessors-smart-1.2.jar:/home/ravil.zalya/.m2/repository/org/mockito/mockito-core/2.15.0/mockito-core-2.15.0.jar:/home/ravil.zalya/.m2/repository/net/bytebuddy/byte-buddy-agent/1.7.11/byte-buddy-agent-1.7.11.jar:/home/ravil.zalya/.m2/repository/org/objenesis/objenesis/2.6/objenesis-2.6.jar:/home/ravil.zalya/.m2/repository/org/hamcrest/hamcrest-core/1.3/hamcrest-core-1.3.jar:/home/ravil.zalya/.m2/repository/org/hamcrest/hamcrest-library/1.3/hamcrest-library-1.3.jar:/home/ravil.zalya/.m2/repository/org/skyscreamer/jsonassert/1.5.0/jsonassert-1.5.0.jar:/home/ravil.zalya/.m2/repository/com/vaadin/external/google/android-json/0.0.20131108.vaadin1/android-json-0.0.20131108.vaadin1.jar:/home/ravil.zalya/.m2/repository/org/springframework/spring-core/5.0.9.RELEASE/spring-core-5.0.9.RELEASE.jar:/home/ravil.zalya/.m2/repository/org/springframework/spring-jcl/5.0.9.RELEASE/spring-jcl-5.0.9.RELEASE.jar:/home/ravil.zalya/.m2/repository/org/springframework/spring-test/5.0.9.RELEASE/spring-test-5.0.9.RELEASE.jar:/home/ravil.zalya/.m2/repository/org/xmlunit/xmlunit-core/2.5.1/xmlunit-core-2.5.1.jar:/home/ravil.zalya/.m2/repository/com/google/guava/guava/27.0.1-jre/guava-27.0.1-jre.jar:/home/ravil.zalya/.m2/repository/com/google/guava/failureaccess/1.0.1/failureaccess-1.0.1.jar:/home/ravil.zalya/.m2/repository/com/google/guava/listenablefuture/9999.0-empty-to-avoid-conflict-with-guava/listenablefuture-9999.0-empty-to-avoid-conflict-with-guava.jar:/home/ravil.zalya/.m2/repository/com/google/code/findbugs/jsr305/3.0.2/jsr305-3.0.2.jar:/home/ravil.zalya/.m2/repository/org/checkerframework/checker-qual/2.5.2/checker-qual-2.5.2.jar:/home/ravil.zalya/.m2/repository/com/google/errorprone/error_prone_annotations/2.2.0/error_prone_annotations-2.2.0.jar:/home/ravil.zalya/.m2/repository/com/google/j2objc/j2objc-annotations/1.1/j2objc-annotations-1.1.jar:/home/ravil.zalya/.m2/repository/org/codehaus/mojo/animal-sniffer-annotations/1.17/animal-sniffer-annotations-1.17.jar:/home/ravil.zalya/.m2/repository/org/glassfish/jersey/inject/jersey-hk2/2.27/jersey-hk2-2.27.jar:/home/ravil.zalya/.m2/repository/org/glassfish/jersey/core/jersey-common/2.26/jersey-common-2.26.jar:/home/ravil.zalya/.m2/repository/javax/ws/rs/javax.ws.rs-api/2.1/javax.ws.rs-api-2.1.jar:/home/ravil.zalya/.m2/repository/org/glassfish/hk2/external/javax.inject/2.5.0-b42/javax.inject-2.5.0-b42.jar:/home/ravil.zalya/.m2/repository/org/glassfish/hk2/osgi-resource-locator/1.0.1/osgi-resource-locator-1.0.1.jar:/home/ravil.zalya/.m2/repository/org/glassfish/hk2/hk2-locator/2.5.0-b42/hk2-locator-2.5.0-b42.jar:/home/ravil.zalya/.m2/repository/org/glassfish/hk2/external/aopalliance-repackaged/2.5.0-b42/aopalliance-repackaged-2.5.0-b42.jar:/home/ravil.zalya/.m2/repository/org/glassfish/hk2/hk2-api/2.5.0-b42/hk2-api-2.5.0-b42.jar:/home/ravil.zalya/.m2/repository/javax/inject/javax.inject/1/javax.inject-1.jar:/home/ravil.zalya/.m2/repository/org/glassfish/hk2/hk2-utils/2.5.0-b42/hk2-utils-2.5.0-b42.jar:/home/ravil.zalya/.m2/repository/org/javassist/javassist/3.22.0-CR2/javassist-3.22.0-CR2.jar:/home/ravil.zalya/.m2/repository/org/glassfish/jersey/bundles/repackaged/jersey-guava/2.6/jersey-guava-2.6.jar:/home/ravil.zalya/.m2/repository/com/spotify/docker-client/8.15.2/docker-client-8.15.2.jar:/home/ravil.zalya/.m2/repository/com/fasterxml/jackson/jaxrs/jackson-jaxrs-json-provider/2.9.6/jackson-jaxrs-json-provider-2.9.6.jar:/home/ravil.zalya/.m2/repository/com/fasterxml/jackson/jaxrs/jackson-jaxrs-base/2.9.6/jackson-jaxrs-base-2.9.6.jar:/home/ravil.zalya/.m2/repository/com/fasterxml/jackson/module/jackson-module-jaxb-annotations/2.9.6/jackson-module-jaxb-annotations-2.9.6.jar:/home/ravil.zalya/.m2/repository/com/fasterxml/jackson/datatype/jackson-datatype-guava/2.9.6/jackson-datatype-guava-2.9.6.jar:/home/ravil.zalya/.m2/repository/com/fasterxml/jackson/core/jackson-core/2.9.6/jackson-core-2.9.6.jar:/home/ravil.zalya/.m2/repository/com/fasterxml/jackson/core/jackson-databind/2.9.6/jackson-databind-2.9.6.jar:/home/ravil.zalya/.m2/repository/com/fasterxml/jackson/core/jackson-annotations/2.9.0/jackson-annotations-2.9.0.jar:/home/ravil.zalya/.m2/repository/org/glassfish/jersey/core/jersey-client/2.26/jersey-client-2.26.jar:/home/ravil.zalya/.m2/repository/org/glassfish/jersey/connectors/jersey-apache-connector/2.22.2/jersey-apache-connector-2.22.2.jar:/home/ravil.zalya/.m2/repository/org/glassfish/jersey/media/jersey-media-json-jackson/2.26/jersey-media-json-jackson-2.26.jar:/home/ravil.zalya/.m2/repository/org/glassfish/jersey/ext/jersey-entity-filtering/2.26/jersey-entity-filtering-2.26.jar:/home/ravil.zalya/.m2/repository/javax/activation/activation/1.1/activation-1.1.jar:/home/ravil.zalya/.m2/repository/org/apache/commons/commons-compress/1.18/commons-compress-1.18.jar:/home/ravil.zalya/.m2/repository/org/apache/httpcomponents/httpcore/4.4.10/httpcore-4.4.10.jar:/home/ravil.zalya/.m2/repository/com/github/jnr/jnr-unixsocket/0.18/jnr-unixsocket-0.18.jar:/home/ravil.zalya/.m2/repository/com/github/jnr/jnr-ffi/2.1.4/jnr-ffi-2.1.4.jar:/home/ravil.zalya/.m2/repository/com/github/jnr/jffi/1.2.15/jffi-1.2.15.jar:/home/ravil.zalya/.m2/repository/com/github/jnr/jffi/1.2.15/jffi-1.2.15-native.jar:/home/ravil.zalya/.m2/repository/org/ow2/asm/asm-commons/5.0.3/asm-commons-5.0.3.jar:/home/ravil.zalya/.m2/repository/org/ow2/asm/asm-analysis/5.0.3/asm-analysis-5.0.3.jar:/home/ravil.zalya/.m2/repository/org/ow2/asm/asm-tree/5.0.3/asm-tree-5.0.3.jar:/home/ravil.zalya/.m2/repository/org/ow2/asm/asm-util/5.0.3/asm-util-5.0.3.jar:/home/ravil.zalya/.m2/repository/com/github/jnr/jnr-x86asm/1.0.2/jnr-x86asm-1.0.2.jar:/home/ravil.zalya/.m2/repository/com/github/jnr/jnr-constants/0.9.8/jnr-constants-0.9.8.jar:/home/ravil.zalya/.m2/repository/com/github/jnr/jnr-enxio/0.16/jnr-enxio-0.16.jar:/home/ravil.zalya/.m2/repository/com/github/jnr/jnr-posix/3.0.35/jnr-posix-3.0.35.jar:/home/ravil.zalya/.m2/repository/commons-lang/commons-lang/2.6/commons-lang-2.6.jar:/home/ravil.zalya/.m2/repository/org/bouncycastle/bcpkix-jdk15on/1.60/bcpkix-jdk15on-1.60.jar:/home/ravil.zalya/.m2/repository/org/bouncycastle/bcprov-jdk15on/1.60/bcprov-jdk15on-1.60.jar:"/>
    <property name="java.vm.vendor" value="Oracle Corporation"/>
    <property name="sun.arch.data.model" value="64"/>
    <property name="java.vendor.url" value="http://java.oracle.com/"/>
    <property name="user.timezone" value=""/>
    <property name="java.vm.specification.version" value="1.8"/>
    <property name="os.name" value="Linux"/>
    <property name="user.country" value="US"/>
    <property name="sun.java.launcher" value="SUN_STANDARD"/>
    <property name="sun.boot.library.path" value="/usr/lib/jvm/java-1.8.0-openjdk-1.8.0.212.b04-0.fc29.x86_64/jre/lib/amd64"/>
    <property name="sun.java.command" value="/home/ravil.zalya/Documents/seleniumjupiter/target/surefire/surefirebooter3478159746598662342.jar /home/ravil.zalya/Documents/seleniumjupiter/target/surefire 2019-06-04T03-18-55_820-jvmRun1 surefire6860216849383946786tmp surefire_06445456264328385793tmp"/>
    <property name="surefire.test.class.path" value="/home/ravil.zalya/Documents/seleniumjupiter/target/test-classes:/home/ravil.zalya/Documents/seleniumjupiter/target/classes:/home/ravil.zalya/.m2/repository/io/github/bonigarcia/selenium-jupiter/3.2.0/selenium-jupiter-3.2.0.jar:/home/ravil.zalya/.m2/repository/io/appium/java-client/7.0.0/java-client-7.0.0.jar:/home/ravil.zalya/.m2/repository/cglib/cglib/3.2.8/cglib-3.2.8.jar:/home/ravil.zalya/.m2/repository/org/ow2/asm/asm/6.2.1/asm-6.2.1.jar:/home/ravil.zalya/.m2/repository/org/apache/ant/ant/1.10.3/ant-1.10.3.jar:/home/ravil.zalya/.m2/repository/org/apache/ant/ant-launcher/1.10.3/ant-launcher-1.10.3.jar:/home/ravil.zalya/.m2/repository/commons-validator/commons-validator/1.6/commons-validator-1.6.jar:/home/ravil.zalya/.m2/repository/commons-beanutils/commons-beanutils/1.9.2/commons-beanutils-1.9.2.jar:/home/ravil.zalya/.m2/repository/commons-digester/commons-digester/1.8.1/commons-digester-1.8.1.jar:/home/ravil.zalya/.m2/repository/commons-logging/commons-logging/1.2/commons-logging-1.2.jar:/home/ravil.zalya/.m2/repository/commons-collections/commons-collections/3.2.2/commons-collections-3.2.2.jar:/home/ravil.zalya/.m2/repository/org/springframework/spring-context/5.0.9.RELEASE/spring-context-5.0.9.RELEASE.jar:/home/ravil.zalya/.m2/repository/org/springframework/spring-aop/5.0.9.RELEASE/spring-aop-5.0.9.RELEASE.jar:/home/ravil.zalya/.m2/repository/org/springframework/spring-beans/5.0.9.RELEASE/spring-beans-5.0.9.RELEASE.jar:/home/ravil.zalya/.m2/repository/org/springframework/spring-expression/5.0.9.RELEASE/spring-expression-5.0.9.RELEASE.jar:/home/ravil.zalya/.m2/repository/org/aspectj/aspectjweaver/1.8.13/aspectjweaver-1.8.13.jar:/home/ravil.zalya/.m2/repository/com/codeborne/phantomjsdriver/1.4.4/phantomjsdriver-1.4.4.jar:/home/ravil.zalya/.m2/repository/org/slf4j/slf4j-api/1.7.25/slf4j-api-1.7.25.jar:/home/ravil.zalya/.m2/repository/ch/qos/logback/logback-classic/1.2.3/logback-classic-1.2.3.jar:/home/ravil.zalya/.m2/repository/ch/qos/logback/logback-core/1.2.3/logback-core-1.2.3.jar:/home/ravil.zalya/.m2/repository/com/squareup/retrofit2/retrofit/2.5.0/retrofit-2.5.0.jar:/home/ravil.zalya/.m2/repository/com/squareup/retrofit2/adapter-rxjava/2.5.0/adapter-rxjava-2.5.0.jar:/home/ravil.zalya/.m2/repository/io/reactivex/rxjava/1.3.8/rxjava-1.3.8.jar:/home/ravil.zalya/.m2/repository/com/squareup/retrofit2/converter-gson/2.5.0/converter-gson-2.5.0.jar:/home/ravil.zalya/.m2/repository/io/github/bonigarcia/webdrivermanager/3.6.0/webdrivermanager-3.6.0.jar:/home/ravil.zalya/.m2/repository/commons-io/commons-io/2.6/commons-io-2.6.jar:/home/ravil.zalya/.m2/repository/com/google/code/gson/gson/2.8.5/gson-2.8.5.jar:/home/ravil.zalya/.m2/repository/org/apache/commons/commons-lang3/3.7/commons-lang3-3.7.jar:/home/ravil.zalya/.m2/repository/org/apache/httpcomponents/httpclient/4.5.6/httpclient-4.5.6.jar:/home/ravil.zalya/.m2/repository/commons-codec/commons-codec/1.11/commons-codec-1.11.jar:/home/ravil.zalya/.m2/repository/org/rauschig/jarchivelib/1.0.0/jarchivelib-1.0.0.jar:/home/ravil.zalya/.m2/repository/org/jsoup/jsoup/1.11.3/jsoup-1.11.3.jar:/home/ravil.zalya/.m2/repository/org/junit/jupiter/junit-jupiter-api/5.4.1/junit-jupiter-api-5.4.1.jar:/home/ravil.zalya/.m2/repository/org/apiguardian/apiguardian-api/1.0.0/apiguardian-api-1.0.0.jar:/home/ravil.zalya/.m2/repository/org/opentest4j/opentest4j/1.1.1/opentest4j-1.1.1.jar:/home/ravil.zalya/.m2/repository/org/junit/platform/junit-platform-commons/1.4.1/junit-platform-commons-1.4.1.jar:/home/ravil.zalya/.m2/repository/org/junit/jupiter/junit-jupiter-params/5.4.1/junit-jupiter-params-5.4.1.jar:/home/ravil.zalya/.m2/repository/org/junit/jupiter/junit-jupiter-engine/5.4.1/junit-jupiter-engine-5.4.1.jar:/home/ravil.zalya/.m2/repository/org/junit/platform/junit-platform-engine/1.4.1/junit-platform-engine-1.4.1.jar:/home/ravil.zalya/.m2/repository/org/junit/platform/junit-platform-suite-api/1.4.1/junit-platform-suite-api-1.4.1.jar:/home/ravil.zalya/.m2/repository/org/junit/platform/junit-platform-runner/1.4.1/junit-platform-runner-1.4.1.jar:/home/ravil.zalya/.m2/repository/junit/junit/4.12/junit-4.12.jar:/home/ravil.zalya/.m2/repository/org/junit/platform/junit-platform-launcher/1.4.1/junit-platform-launcher-1.4.1.jar:/home/ravil.zalya/.m2/repository/org/junit/platform/junit-platform-surefire-provider/1.2.0/junit-platform-surefire-provider-1.2.0.jar:/home/ravil.zalya/.m2/repository/org/apache/maven/surefire/surefire-api/2.21.0/surefire-api-2.21.0.jar:/home/ravil.zalya/.m2/repository/org/apache/maven/surefire/surefire-logger-api/2.21.0/surefire-logger-api-2.21.0.jar:/home/ravil.zalya/.m2/repository/org/apache/maven/surefire/common-java5/2.21.0/common-java5-2.21.0.jar:/home/ravil.zalya/.m2/repository/org/assertj/assertj-core/3.12.0/assertj-core-3.12.0.jar:/home/ravil.zalya/.m2/repository/org/seleniumhq/selenium/selenium-java/3.141.59/selenium-java-3.141.59.jar:/home/ravil.zalya/.m2/repository/org/seleniumhq/selenium/selenium-chrome-driver/3.141.59/selenium-chrome-driver-3.141.59.jar:/home/ravil.zalya/.m2/repository/org/seleniumhq/selenium/selenium-edge-driver/3.141.59/selenium-edge-driver-3.141.59.jar:/home/ravil.zalya/.m2/repository/org/seleniumhq/selenium/selenium-firefox-driver/3.141.59/selenium-firefox-driver-3.141.59.jar:/home/ravil.zalya/.m2/repository/org/seleniumhq/selenium/selenium-ie-driver/3.141.59/selenium-ie-driver-3.141.59.jar:/home/ravil.zalya/.m2/repository/org/seleniumhq/selenium/selenium-opera-driver/3.141.59/selenium-opera-driver-3.141.59.jar:/home/ravil.zalya/.m2/repository/org/seleniumhq/selenium/selenium-remote-driver/3.141.59/selenium-remote-driver-3.141.59.jar:/home/ravil.zalya/.m2/repository/org/seleniumhq/selenium/selenium-safari-driver/3.141.59/selenium-safari-driver-3.141.59.jar:/home/ravil.zalya/.m2/repository/net/bytebuddy/byte-buddy/1.7.11/byte-buddy-1.7.11.jar:/home/ravil.zalya/.m2/repository/org/apache/commons/commons-exec/1.3/commons-exec-1.3.jar:/home/ravil.zalya/.m2/repository/com/squareup/okhttp3/okhttp/3.11.0/okhttp-3.11.0.jar:/home/ravil.zalya/.m2/repository/com/squareup/okio/okio/1.14.0/okio-1.14.0.jar:/home/ravil.zalya/.m2/repository/org/seleniumhq/selenium/selenium-api/3.141.59/selenium-api-3.141.59.jar:/home/ravil.zalya/.m2/repository/org/seleniumhq/selenium/selenium-support/3.141.59/selenium-support-3.141.59.jar:/home/ravil.zalya/.m2/repository/org/springframework/boot/spring-boot-starter-test/2.0.5.RELEASE/spring-boot-starter-test-2.0.5.RELEASE.jar:/home/ravil.zalya/.m2/repository/org/springframework/boot/spring-boot-starter/2.0.5.RELEASE/spring-boot-starter-2.0.5.RELEASE.jar:/home/ravil.zalya/.m2/repository/org/springframework/boot/spring-boot/2.0.5.RELEASE/spring-boot-2.0.5.RELEASE.jar:/home/ravil.zalya/.m2/repository/org/springframework/boot/spring-boot-autoconfigure/2.0.5.RELEASE/spring-boot-autoconfigure-2.0.5.RELEASE.jar:/home/ravil.zalya/.m2/repository/org/springframework/boot/spring-boot-starter-logging/2.0.5.RELEASE/spring-boot-starter-logging-2.0.5.RELEASE.jar:/home/ravil.zalya/.m2/repository/org/apache/logging/log4j/log4j-to-slf4j/2.10.0/log4j-to-slf4j-2.10.0.jar:/home/ravil.zalya/.m2/repository/org/apache/logging/log4j/log4j-api/2.10.0/log4j-api-2.10.0.jar:/home/ravil.zalya/.m2/repository/org/slf4j/jul-to-slf4j/1.7.25/jul-to-slf4j-1.7.25.jar:/home/ravil.zalya/.m2/repository/javax/annotation/javax.annotation-api/1.3.2/javax.annotation-api-1.3.2.jar:/home/ravil.zalya/.m2/repository/org/yaml/snakeyaml/1.19/snakeyaml-1.19.jar:/home/ravil.zalya/.m2/repository/org/springframework/boot/spring-boot-test/2.0.5.RELEASE/spring-boot-test-2.0.5.RELEASE.jar:/home/ravil.zalya/.m2/repository/org/springframework/boot/spring-boot-test-autoconfigure/2.0.5.RELEASE/spring-boot-test-autoconfigure-2.0.5.RELEASE.jar:/home/ravil.zalya/.m2/repository/com/jayway/jsonpath/json-path/2.4.0/json-path-2.4.0.jar:/home/ravil.zalya/.m2/repository/net/minidev/json-smart/2.3/json-smart-2.3.jar:/home/ravil.zalya/.m2/repository/net/minidev/accessors-smart/1.2/accessors-smart-1.2.jar:/home/ravil.zalya/.m2/repository/org/mockito/mockito-core/2.15.0/mockito-core-2.15.0.jar:/home/ravil.zalya/.m2/repository/net/bytebuddy/byte-buddy-agent/1.7.11/byte-buddy-agent-1.7.11.jar:/home/ravil.zalya/.m2/repository/org/objenesis/objenesis/2.6/objenesis-2.6.jar:/home/ravil.zalya/.m2/repository/org/hamcrest/hamcrest-core/1.3/hamcrest-core-1.3.jar:/home/ravil.zalya/.m2/repository/org/hamcrest/hamcrest-library/1.3/hamcrest-library-1.3.jar:/home/ravil.zalya/.m2/repository/org/skyscreamer/jsonassert/1.5.0/jsonassert-1.5.0.jar:/home/ravil.zalya/.m2/repository/com/vaadin/external/google/android-json/0.0.20131108.vaadin1/android-json-0.0.20131108.vaadin1.jar:/home/ravil.zalya/.m2/repository/org/springframework/spring-core/5.0.9.RELEASE/spring-core-5.0.9.RELEASE.jar:/home/ravil.zalya/.m2/repository/org/springframework/spring-jcl/5.0.9.RELEASE/spring-jcl-5.0.9.RELEASE.jar:/home/ravil.zalya/.m2/repository/org/springframework/spring-test/5.0.9.RELEASE/spring-test-5.0.9.RELEASE.jar:/home/ravil.zalya/.m2/repository/org/xmlunit/xmlunit-core/2.5.1/xmlunit-core-2.5.1.jar:/home/ravil.zalya/.m2/repository/com/google/guava/guava/27.0.1-jre/guava-27.0.1-jre.jar:/home/ravil.zalya/.m2/repository/com/google/guava/failureaccess/1.0.1/failureaccess-1.0.1.jar:/home/ravil.zalya/.m2/repository/com/google/guava/listenablefuture/9999.0-empty-to-avoid-conflict-with-guava/listenablefuture-9999.0-empty-to-avoid-conflict-with-guava.jar:/home/ravil.zalya/.m2/repository/com/google/code/findbugs/jsr305/3.0.2/jsr305-3.0.2.jar:/home/ravil.zalya/.m2/repository/org/checkerframework/checker-qual/2.5.2/checker-qual-2.5.2.jar:/home/ravil.zalya/.m2/repository/com/google/errorprone/error_prone_annotations/2.2.0/error_prone_annotations-2.2.0.jar:/home/ravil.zalya/.m2/repository/com/google/j2objc/j2objc-annotations/1.1/j2objc-annotations-1.1.jar:/home/ravil.zalya/.m2/repository/org/codehaus/mojo/animal-sniffer-annotations/1.17/animal-sniffer-annotations-1.17.jar:/home/ravil.zalya/.m2/repository/org/glassfish/jersey/inject/jersey-hk2/2.27/jersey-hk2-2.27.jar:/home/ravil.zalya/.m2/repository/org/glassfish/jersey/core/jersey-common/2.26/jersey-common-2.26.jar:/home/ravil.zalya/.m2/repository/javax/ws/rs/javax.ws.rs-api/2.1/javax.ws.rs-api-2.1.jar:/home/ravil.zalya/.m2/repository/org/glassfish/hk2/external/javax.inject/2.5.0-b42/javax.inject-2.5.0-b42.jar:/home/ravil.zalya/.m2/repository/org/glassfish/hk2/osgi-resource-locator/1.0.1/osgi-resource-locator-1.0.1.jar:/home/ravil.zalya/.m2/repository/org/glassfish/hk2/hk2-locator/2.5.0-b42/hk2-locator-2.5.0-b42.jar:/home/ravil.zalya/.m2/repository/org/glassfish/hk2/external/aopalliance-repackaged/2.5.0-b42/aopalliance-repackaged-2.5.0-b42.jar:/home/ravil.zalya/.m2/repository/org/glassfish/hk2/hk2-api/2.5.0-b42/hk2-api-2.5.0-b42.jar:/home/ravil.zalya/.m2/repository/javax/inject/javax.inject/1/javax.inject-1.jar:/home/ravil.zalya/.m2/repository/org/glassfish/hk2/hk2-utils/2.5.0-b42/hk2-utils-2.5.0-b42.jar:/home/ravil.zalya/.m2/repository/org/javassist/javassist/3.22.0-CR2/javassist-3.22.0-CR2.jar:/home/ravil.zalya/.m2/repository/org/glassfish/jersey/bundles/repackaged/jersey-guava/2.6/jersey-guava-2.6.jar:/home/ravil.zalya/.m2/repository/com/spotify/docker-client/8.15.2/docker-client-8.15.2.jar:/home/ravil.zalya/.m2/repository/com/fasterxml/jackson/jaxrs/jackson-jaxrs-json-provider/2.9.6/jackson-jaxrs-json-provider-2.9.6.jar:/home/ravil.zalya/.m2/repository/com/fasterxml/jackson/jaxrs/jackson-jaxrs-base/2.9.6/jackson-jaxrs-base-2.9.6.jar:/home/ravil.zalya/.m2/repository/com/fasterxml/jackson/module/jackson-module-jaxb-annotations/2.9.6/jackson-module-jaxb-annotations-2.9.6.jar:/home/ravil.zalya/.m2/repository/com/fasterxml/jackson/datatype/jackson-datatype-guava/2.9.6/jackson-datatype-guava-2.9.6.jar:/home/ravil.zalya/.m2/repository/com/fasterxml/jackson/core/jackson-core/2.9.6/jackson-core-2.9.6.jar:/home/ravil.zalya/.m2/repository/com/fasterxml/jackson/core/jackson-databind/2.9.6/jackson-databind-2.9.6.jar:/home/ravil.zalya/.m2/repository/com/fasterxml/jackson/core/jackson-annotations/2.9.0/jackson-annotations-2.9.0.jar:/home/ravil.zalya/.m2/repository/org/glassfish/jersey/core/jersey-client/2.26/jersey-client-2.26.jar:/home/ravil.zalya/.m2/repository/org/glassfish/jersey/connectors/jersey-apache-connector/2.22.2/jersey-apache-connector-2.22.2.jar:/home/ravil.zalya/.m2/repository/org/glassfish/jersey/media/jersey-media-json-jackson/2.26/jersey-media-json-jackson-2.26.jar:/home/ravil.zalya/.m2/repository/org/glassfish/jersey/ext/jersey-entity-filtering/2.26/jersey-entity-filtering-2.26.jar:/home/ravil.zalya/.m2/repository/javax/activation/activation/1.1/activation-1.1.jar:/home/ravil.zalya/.m2/repository/org/apache/commons/commons-compress/1.18/commons-compress-1.18.jar:/home/ravil.zalya/.m2/repository/org/apache/httpcomponents/httpcore/4.4.10/httpcore-4.4.10.jar:/home/ravil.zalya/.m2/repository/com/github/jnr/jnr-unixsocket/0.18/jnr-unixsocket-0.18.jar:/home/ravil.zalya/.m2/repository/com/github/jnr/jnr-ffi/2.1.4/jnr-ffi-2.1.4.jar:/home/ravil.zalya/.m2/repository/com/github/jnr/jffi/1.2.15/jffi-1.2.15.jar:/home/ravil.zalya/.m2/repository/com/github/jnr/jffi/1.2.15/jffi-1.2.15-native.jar:/home/ravil.zalya/.m2/repository/org/ow2/asm/asm-commons/5.0.3/asm-commons-5.0.3.jar:/home/ravil.zalya/.m2/repository/org/ow2/asm/asm-analysis/5.0.3/asm-analysis-5.0.3.jar:/home/ravil.zalya/.m2/repository/org/ow2/asm/asm-tree/5.0.3/asm-tree-5.0.3.jar:/home/ravil.zalya/.m2/repository/org/ow2/asm/asm-util/5.0.3/asm-util-5.0.3.jar:/home/ravil.zalya/.m2/repository/com/github/jnr/jnr-x86asm/1.0.2/jnr-x86asm-1.0.2.jar:/home/ravil.zalya/.m2/repository/com/github/jnr/jnr-constants/0.9.8/jnr-constants-0.9.8.jar:/home/ravil.zalya/.m2/repository/com/github/jnr/jnr-enxio/0.16/jnr-enxio-0.16.jar:/home/ravil.zalya/.m2/repository/com/github/jnr/jnr-posix/3.0.35/jnr-posix-3.0.35.jar:/home/ravil.zalya/.m2/repository/commons-lang/commons-lang/2.6/commons-lang-2.6.jar:/home/ravil.zalya/.m2/repository/org/bouncycastle/bcpkix-jdk15on/1.60/bcpkix-jdk15on-1.60.jar:/home/ravil.zalya/.m2/repository/org/bouncycastle/bcprov-jdk15on/1.60/bcprov-jdk15on-1.60.jar:"/>
    <property name="sun.cpu.endian" value="little"/>
    <property name="user.home" value="/home/ravil.zalya"/>
    <property name="user.language" value="en"/>
    <property name="java.specification.vendor" value="Oracle Corporation"/>
    <property name="java.home" value="/usr/lib/jvm/java-1.8.0-openjdk-1.8.0.212.b04-0.fc29.x86_64/jre"/>
    <property name="basedir" value="/home/ravil.zalya/Documents/seleniumjupiter"/>
    <property name="file.separator" value="/"/>
    <property name="line.separator" value="&#10;"/>
    <property name="java.vm.specification.vendor" value="Oracle Corporation"/>
    <property name="java.specification.name" value="Java Platform API Specification"/>
    <property name="java.awt.graphicsenv" value="sun.awt.X11GraphicsEnvironment"/>
    <property name="surefire.real.class.path" value="/home/ravil.zalya/Documents/seleniumjupiter/target/surefire/surefirebooter3478159746598662342.jar"/>
    <property name="sun.boot.class.path" value="/usr/lib/jvm/java-1.8.0-openjdk-1.8.0.212.b04-0.fc29.x86_64/jre/lib/resources.jar:/usr/lib/jvm/java-1.8.0-openjdk-1.8.0.212.b04-0.fc29.x86_64/jre/lib/rt.jar:/usr/lib/jvm/java-1.8.0-openjdk-1.8.0.212.b04-0.fc29.x86_64/jre/lib/sunrsasign.jar:/usr/lib/jvm/java-1.8.0-openjdk-1.8.0.212.b04-0.fc29.x86_64/jre/lib/jsse.jar:/usr/lib/jvm/java-1.8.0-openjdk-1.8.0.212.b04-0.fc29.x86_64/jre/lib/jce.jar:/usr/lib/jvm/java-1.8.0-openjdk-1.8.0.212.b04-0.fc29.x86_64/jre/lib/charsets.jar:/usr/lib/jvm/java-1.8.0-openjdk-1.8.0.212.b04-0.fc29.x86_64/jre/lib/jfr.jar:/usr/lib/jvm/java-1.8.0-openjdk-1.8.0.212.b04-0.fc29.x86_64/jre/classes"/>
    <property name="sun.management.compiler" value="HotSpot 64-Bit Tiered Compilers"/>
    <property name="java.runtime.version" value="1.8.0_212-b04"/>
    <property name="user.name" value="ravil.zalya"/>
    <property name="path.separator" value=":"/>
    <property name="os.version" value="5.0.17-200.fc29.x86_64"/>
    <property name="java.endorsed.dirs" value="/usr/lib/jvm/java-1.8.0-openjdk-1.8.0.212.b04-0.fc29.x86_64/jre/lib/endorsed"/>
    <property name="java.runtime.name" value="OpenJDK Runtime Environment"/>
    <property name="file.encoding" value="UTF-8"/>
    <property name="java.vm.name" value="OpenJDK 64-Bit Server VM"/>
    <property name="localRepository" value="/home/ravil.zalya/.m2/repository"/>
    <property name="java.vendor.url.bug" value="http://bugreport.sun.com/bugreport/"/>
    <property name="java.io.tmpdir" value="/tmp"/>
    <property name="java.version" value="1.8.0_212"/>
    <property name="user.dir" value="/home/ravil.zalya/Documents/seleniumjupiter"/>
    <property name="os.arch" value="amd64"/>
    <property name="java.vm.specification.name" value="Java Virtual Machine Specification"/>
    <property name="java.awt.printerjob" value="sun.print.PSPrinterJob"/>
    <property name="sun.os.patch.level" value="unknown"/>
    <property name="java.library.path" value="/usr/java/packages/lib/amd64:/usr/lib64:/lib64:/lib:/usr/lib"/>
    <property name="java.vm.info" value="mixed mode"/>
    <property name="java.vendor" value="Oracle Corporation"/>
    <property name="java.vm.version" value="25.212-b04"/>
    <property name="java.ext.dirs" value="/usr/lib/jvm/java-1.8.0-openjdk-1.8.0.212.b04-0.fc29.x86_64/jre/lib/ext:/usr/java/packages/lib/ext"/>
    <property name="sun.io.unicode.encoding" value="UnicodeLittle"/>
    <property name="java.class.version" value="52.0"/>
  </properties>
  <testcase name="proceedToDeclineNewDatasetCreation" classname="com.adjuster.honeybadger.uitest.test.cases.AddNewConnectionOrderedTest" time="0.675"/>
  <testcase name="whenClickingNotNow_thenCreateNewDatasetDialogDisappears" classname="com.adjuster.honeybadger.uitest.test.cases.AddNewConnectionOrderedTest" time="0.847"/>
</testsuite>